# JRE version: OpenJDK Runtime Environment Corretto-17.0.17.10.1 (17.0.17+10) (build 17.0.17+10-LTS)
# Java VM: OpenJDK 64-Bit Server VM Corretto-17.0.17.10.1 (17.0.17+10-LTS, mixed mode, sharing, tiered, compressed oops, compressed class ptrs, g1 gc, windows-amd64)
GC Precious Log:
 CPUs: 12 total, 12 available
 Memory: 32617M
 Large Page Support: Disabled
 NUMA Support: Disabled
 Compressed Oops: Enabled (Zero based)
 Heap Region Size: 4M
 Heap Min Capacity: 8M
 Heap Initial Capacity: 512M
 Heap Max Capacity: 8156M
 Pre-touch: Disabled
 Parallel Workers: 10
 Concurrent Workers: 3
 Concurrent Refinement Workers: 10
 Periodic GC: Disabled
Heap:
 garbage-first heap   total 122880K, used 55700K [0x0000000602400000, 0x0000000800000000)
  region size 4096K, 9 young (36864K), 1 survivors (4096K)
 Metaspace       used 42915K, committed 43264K, reserved 1114112K
  class space    used 4973K, committed 5120K, reserved 1048576K
GC Heap History (14 events):
Event: 0.394 GC heap before
{Heap before GC invocations=0 (full 0):
 garbage-first heap   total 524288K, used 20480K [0x0000000602400000, 0x0000000800000000)
  region size 4096K, 6 young (24576K), 0 survivors (0K)
 Metaspace       used 4708K, committed 4864K, reserved 1114112K
  class space    used 470K, committed 512K, reserved 1048576K
}
Event: 0.398 GC heap after
{Heap after GC invocations=1 (full 0):
 garbage-first heap   total 524288K, used 7842K [0x0000000602400000, 0x0000000800000000)
  region size 4096K, 1 young (4096K), 1 survivors (4096K)
 Metaspace       used 4708K, committed 4864K, reserved 1114112K
  class space    used 470K, committed 512K, reserved 1048576K
}
Event: 0.618 GC heap before
{Heap before GC invocations=1 (full 0):
 garbage-first heap   total 524288K, used 28322K [0x0000000602400000, 0x0000000800000000)
  region size 4096K, 6 young (24576K), 1 survivors (4096K)
 Metaspace       used 8920K, committed 9152K, reserved 1114112K
  class space    used 1014K, committed 1088K, reserved 1048576K
}
Event: 0.620 GC heap after
{Heap after GC invocations=2 (full 0):
 garbage-first heap   total 524288K, used 8793K [0x0000000602400000, 0x0000000800000000)
  region size 4096K, 1 young (4096K), 1 survivors (4096K)
 Metaspace       used 8920K, committed 9152K, reserved 1114112K
  class space    used 1014K, committed 1088K, reserved 1048576K
}
Event: 1.152 GC heap before
{Heap before GC invocations=2 (full 0):
 garbage-first heap   total 524288K, used 57945K [0x0000000602400000, 0x0000000800000000)
  region size 4096K, 14 young (57344K), 1 survivors (4096K)
 Metaspace       used 11979K, committed 12224K, reserved 1114112K
  class space    used 1415K, committed 1536K, reserved 1048576K
}
Event: 1.159 GC heap after
{Heap after GC invocations=3 (full 0):
 garbage-first heap   total 524288K, used 20013K [0x0000000602400000, 0x0000000800000000)
  region size 4096K, 2 young (8192K), 2 survivors (8192K)
 Metaspace       used 11979K, committed 12224K, reserved 1114112K
  class space    used 1415K, committed 1536K, reserved 1048576K
}
Event: 1.828 GC heap before
{Heap before GC invocations=3 (full 0):
 garbage-first heap   total 524288K, used 97837K [0x0000000602400000, 0x0000000800000000)
  region size 4096K, 22 young (90112K), 2 survivors (8192K)
 Metaspace       used 21255K, committed 21504K, reserved 1114112K
  class space    used 2369K, committed 2496K, reserved 1048576K
}
Event: 1.833 GC heap after
{Heap after GC invocations=4 (full 0):
 garbage-first heap   total 524288K, used 22343K [0x0000000602400000, 0x0000000800000000)
  region size 4096K, 3 young (12288K), 3 survivors (12288K)
 Metaspace       used 21255K, committed 21504K, reserved 1114112K
  class space    used 2369K, committed 2496K, reserved 1048576K
}
Event: 2.513 GC heap before
{Heap before GC invocations=5 (full 0):
 garbage-first heap   total 98304K, used 63303K [0x0000000602400000, 0x0000000800000000)
  region size 4096K, 14 young (57344K), 3 survivors (12288K)
 Metaspace       used 35755K, committed 36096K, reserved 1114112K
  class space    used 4026K, committed 4160K, reserved 1048576K
}
Event: 2.521 GC heap after
{Heap after GC invocations=6 (full 0):
 garbage-first heap   total 98304K, used 27031K [0x0000000602400000, 0x0000000800000000)
  region size 4096K, 2 young (8192K), 2 survivors (8192K)
 Metaspace       used 35755K, committed 36096K, reserved 1114112K
  class space    used 4026K, committed 4160K, reserved 1048576K
}
Event: 2.524 GC heap before
{Heap before GC invocations=6 (full 0):
 garbage-first heap   total 98304K, used 27031K [0x0000000602400000, 0x0000000800000000)
  region size 4096K, 3 young (12288K), 2 survivors (8192K)
 Metaspace       used 35830K, committed 36096K, reserved 1114112K
  class space    used 4041K, committed 4160K, reserved 1048576K
}
Event: 2.531 GC heap after
{Heap after GC invocations=7 (full 0):
 garbage-first heap   total 98304K, used 28073K [0x0000000602400000, 0x0000000800000000)
  region size 4096K, 1 young (4096K), 1 survivors (4096K)
 Metaspace       used 35830K, committed 36096K, reserved 1114112K
  class space    used 4041K, committed 4160K, reserved 1048576K
}
Event: 2.545 GC heap before
{Heap before GC invocations=7 (full 0):
 garbage-first heap   total 98304K, used 28073K [0x0000000602400000, 0x0000000800000000)
  region size 4096K, 2 young (8192K), 1 survivors (4096K)
 Metaspace       used 36158K, committed 36416K, reserved 1114112K
  class space    used 4112K, committed 4224K, reserved 1048576K
}
Event: 2.546 GC heap after
{Heap after GC invocations=8 (full 0):
 garbage-first heap   total 311296K, used 27028K [0x0000000602400000, 0x0000000800000000)
  region size 4096K, 1 young (4096K), 1 survivors (4096K)
 Metaspace       used 36158K, committed 36416K, reserved 1114112K
  class space    used 4112K, committed 4224K, reserved 1048576K
}

